#
# A fatal error has been detected by the Java Runtime Environment:
#
#  EXCEPTION_ACCESS_VIOLATION (0xc0000005) at pc=0x00007ffb96bd8153, pid=13840, tid=19436
#
# JRE version: Java(TM) SE Runtime Environment (17.0.2+8) (build 17.0.2+8-LTS-86)
# Java VM: Java HotSpot(TM) 64-Bit Server VM (17.0.2+8-LTS-86, mixed mode, sharing, tiered, compressed oops, compressed class ptrs, g1 gc, windows-amd64)
# Problematic frame:
# C  [cudd.dll+0x8153]
#
# No core dump will be written. Minidumps are not enabled by default on client versions of Windows
#
# If you would like to submit a bug report, please visit:
#   https://bugreport.java.com/bugreport/crash.jsp
# The crash happened outside the Java Virtual Machine in native code.
# See problematic frame for where to report the bug.
#

---------------  S U M M A R Y ------------

Command Line: -Dfile.encoding=Cp1252 -XX:+ShowCodeDetailsInExceptionMessages jitinteractor.JitControllerInteractor

Host: Intel(R) Core(TM) i7-1065G7 CPU @ 1.30GHz, 8 cores, 15G,  Windows 10 , 64 bit Build 19041 (10.0.19041.1889)
Time: Tue Aug 16 15:33:34 2022 GMT Summer Time elapsed time: 0.264806 seconds (0d 0h 0m 0s)

---------------  T H R E A D  ---------------

Current thread (0x0000020033e9e9b0):  JavaThread "main" [_thread_in_native, id=19436, stack(0x0000002b75600000,0x0000002b75700000)]

Stack: [0x0000002b75600000,0x0000002b75700000],  sp=0x0000002b756fea20,  free space=1018k
Native frames: (J=compiled Java code, j=interpreted, Vv=VM code, C=native code)
C  [cudd.dll+0x8153]

Java frames: (J=compiled Java code, j=interpreted, Vv=VM code)
j  net.sf.javabdd.CUDDFactory.apply0(JJIZZZ)J+0
J 226 c1 net.sf.javabdd.CUDDFactory.access$36(JJIZZZ)J (14 bytes) @ 0x000002003bce2fec [0x000002003bce2fa0+0x000000000000004c]
j  net.sf.javabdd.CUDDFactory$CUDDBDD.applyWith(Lnet/sf/javabdd/BDD;Lnet/sf/javabdd/BDDFactory$BDDOp;)Lnet/sf/javabdd/BDD;+32
j  net.sf.javabdd.AbstractBDD.andWith(Lnet/sf/javabdd/BDD;)Lnet/sf/javabdd/BDD;+5
j  tau.smlab.syntech.jtlv.Env.randomSat(Lnet/sf/javabdd/BDD;Lnet/sf/javabdd/BDDVarSet;)Lnet/sf/javabdd/BDD;+108
j  tau.smlab.syntech.controller.executor.ControllerExecutor.initState(Ljava/util/Map;)V+102
j  jitinteractor.JitControllerInteractor.updateExecutor(Ltau/smlab/syntech/controller/executor/ControllerExecutor;Ljava/util/Map;Ljava/util/Set;Ljava/util/Map;Ljava/lang/Integer;ZZ)Z+7
j  jitinteractor.JitControllerInteractor.main([Ljava/lang/String;)V+115
v  ~StubRoutines::call_stub

siginfo: EXCEPTION_ACCESS_VIOLATION (0xc0000005), reading address 0xffffffffffffffff


Register to memory mapping:

RIP=0x00007ffb96bd8153 cudd.dll
RAX=0x800001008854d728 is an unknown value
RBX=0x000002005753abc0 points into unknown readable memory: 0x0000000000000000 | 00 00 00 00 00 00 00 00
RCX=0x800001008854d728 is an unknown value
RDX=0x800001008854d728 is an unknown value
RSP=0x0000002b756fea20 is pointing into the stack for thread: 0x0000020033e9e9b0
RBP=0x0000020057605240 points into unknown readable memory: 0x0000000c00000006 | 06 00 00 00 0c 00 00 00
RSI=0x0000020057605241 points into unknown readable memory: 00 00 00 0c 00 00 00
RDI=0x00000200575419e1 points into unknown readable memory: 00 00 00 09 00 00 00
R8 =0x0000020057605100 points into unknown readable memory: 0x0000005f7fffffff | ff ff ff 7f 5f 00 00 00
R9 =0x0000000000000006 is an unknown value
R10=0x0000000000000006 is an unknown value
R11=0x000002005753abc0 points into unknown readable memory: 0x0000000000000000 | 00 00 00 00 00 00 00 00
R12=0x0 is NULL
R13={method} {0x0000020057036b10} 'apply0' '(JJIZZZ)J' in 'net/sf/javabdd/CUDDFactory'
R14=0x0 is NULL
R15=0x0000020033e9e9b0 is a thread


Registers:
RAX=0x800001008854d728, RBX=0x000002005753abc0, RCX=0x800001008854d728, RDX=0x800001008854d728
RSP=0x0000002b756fea20, RBP=0x0000020057605240, RSI=0x0000020057605241, RDI=0x00000200575419e1
R8 =0x0000020057605100, R9 =0x0000000000000006, R10=0x0000000000000006, R11=0x000002005753abc0
R12=0x0000000000000000, R13=0x0000020057036b08, R14=0x0000000000000000, R15=0x0000020033e9e9b0
RIP=0x00007ffb96bd8153, EFLAGS=0x0000000000010286

Top of Stack: (sp=0x0000002b756fea20)
0x0000002b756fea20:   000002005753abc0 00007ffb96beaa91
0x0000002b756fea30:   0000020057612758 00007ffb3ecd17fe
0x0000002b756fea40:   0000002b756feb18 0000020031d87f90
0x0000002b756fea50:   00000200575419e0 800001008854d728
0x0000002b756fea60:   0000020057605100 00007ffb3ecd1c48
0x0000002b756fea70:   0000020033e9e9b0 0000020057605241
0x0000002b756fea80:   0000020057605d41 0000020057605d40
0x0000002b756fea90:   000002005753abc0 00007ffb96bd80ea
0x0000002b756feaa0:   0000020057605101 0000020057605100
0x0000002b756feab0:   800001008854d728 0000000000000006
0x0000002b756feac0:   0000020057605da0 0000000000000000
0x0000002b756fead0:   0000020057605240 0000020057605100
0x0000002b756feae0:   0000020057605c60 0000020057605d40
0x0000002b756feaf0:   0000020057605100 0000020057605241
0x0000002b756feb00:   0000020057605d61 0000020057605d60
0x0000002b756feb10:   000002005753abc0 00007ffb96bd811f 

Instructions: (pc=0x00007ffb96bd8153)
0x00007ffb96bd8053:   24 30 8b 55 00 44 8b 11 44 8b 0c 90 4c 89 94 24
0x00007ffb96bd8063:   98 00 00 00 46 8b 04 90 45 3b c1 7f 28 48 8b 41
0x00007ffb96bd8073:   18 48 8b 51 10 48 89 84 24 90 00 00 00 40 f6 c7
0x00007ffb96bd8083:   01 74 24 48 83 f2 01 48 83 f0 01 48 89 84 24 90
0x00007ffb96bd8093:   00 00 00 eb 12 89 94 24 98 00 00 00 48 8b d7 48
0x00007ffb96bd80a3:   89 bc 24 90 00 00 00 45 3b c8 7f 28 48 8b 45 18
0x00007ffb96bd80b3:   4c 8b 45 10 48 89 84 24 88 00 00 00 40 f6 c6 01
0x00007ffb96bd80c3:   74 1d 49 83 f0 01 48 83 f0 01 48 89 84 24 88 00
0x00007ffb96bd80d3:   00 00 eb 0b 48 89 b4 24 88 00 00 00 4c 8b c6 48
0x00007ffb96bd80e3:   8b cb e8 e6 fd ff ff 48 89 84 24 80 00 00 00 48
0x00007ffb96bd80f3:   85 c0 0f 84 ce fe ff ff 4c 8b 84 24 88 00 00 00
0x00007ffb96bd8103:   48 83 e0 fe 48 8b 94 24 90 00 00 00 48 8b cb 48
0x00007ffb96bd8113:   89 44 24 40 ff 40 04 e8 b1 fd ff ff 48 89 84 24
0x00007ffb96bd8123:   90 00 00 00 48 8b c8 48 85 c0 75 1b 48 8b 94 24
0x00007ffb96bd8133:   80 00 00 00 48 8b cb e8 a1 c8 00 00 33 c0 48 83
0x00007ffb96bd8143:   c4 58 5f 5e 5d 5b c3 48 83 e0 fe 48 89 44 24 38
0x00007ffb96bd8153:   ff 40 04 48 8b 84 24 80 00 00 00 48 3b c1 75 0d
0x00007ffb96bd8163:   48 8b c8 48 89 84 24 88 00 00 00 eb 77 8b 94 24
0x00007ffb96bd8173:   98 00 00 00 4c 8b c9 48 8b cb 4c 8b c0 a8 01 74
0x00007ffb96bd8183:   4e 49 83 f1 01 49 83 f0 01 e8 4f 27 01 00 48 8b
0x00007ffb96bd8193:   c8 48 85 c0 75 2b 48 8b 94 24 80 00 00 00 48 8b
0x00007ffb96bd81a3:   cb e8 37 c8 00 00 48 8b 94 24 90 00 00 00 48 8b
0x00007ffb96bd81b3:   cb e8 27 c8 00 00 33 c0 48 83 c4 58 5f 5e 5d 5b
0x00007ffb96bd81c3:   c3 48 83 f1 01 48 89 8c 24 88 00 00 00 eb 15 e8
0x00007ffb96bd81d3:   09 27 01 00 48 89 84 24 88 00 00 00 48 8b c8 48
0x00007ffb96bd81e3:   85 c0 74 b2 48 8b 44 24 38 ff 48 04 48 8b 44 24
0x00007ffb96bd81f3:   40 ff 48 04 48 8b 44 24 30 83 78 04 01 75 06 83
0x00007ffb96bd8203:   7d 04 01 74 1a 48 89 4c 24 20 48 8d 15 dc f2 ff
0x00007ffb96bd8213:   ff 48 8b cb 4c 8b ce 4c 8b c7 e8 de 20 00 00 48
0x00007ffb96bd8223:   8b 84 24 88 00 00 00 48 83 c4 58 5f 5e 5d 5b c3
0x00007ffb96bd8233:   cc cc cc cc cc cc cc cc cc cc cc cc cc 40 53 56
0x00007ffb96bd8243:   57 48 83 ec 50 49 8b f0 48 8b da 48 8b 51 20 48 


Stack slot to memory mapping:
stack at sp + 0 slots: 0x000002005753abc0 points into unknown readable memory: 0x0000000000000000 | 00 00 00 00 00 00 00 00
stack at sp + 1 slots: 0x00007ffb96beaa91 cudd.dll
stack at sp + 2 slots: 0x0000020057612758 points into unknown readable memory: 0x0000020057605d60 | 60 5d 60 57 00 02 00 00
stack at sp + 3 slots: 0x00007ffb3ecd17fe jvm.dll
stack at sp + 4 slots: 0x0000002b756feb18 is pointing into the stack for thread: 0x0000020033e9e9b0
stack at sp + 5 slots: 0x0000020031d87f90 points into unknown readable memory: 0x0000000715d873a8 | a8 73 d8 15 07 00 00 00
stack at sp + 6 slots: 0x00000200575419e0 points into unknown readable memory: 0x0000000900000006 | 06 00 00 00 09 00 00 00
stack at sp + 7 slots: 0x800001008854d728 is an unknown value


---------------  P R O C E S S  ---------------

Threads class SMR info:
_java_thread_list=0x000002005750dd70, length=12, elements={
0x0000020033e9e9b0, 0x00000200568ab3b0, 0x00000200568abc70, 0x00000200568c16b0,
0x00000200568c1f70, 0x00000200568c4840, 0x00000200568cd110, 0x00000200568d1a20,
0x00000200568d3200, 0x00000200568d3f10, 0x000002005750bd20, 0x0000020057510fd0
}

Java Threads: ( => current thread )
=>0x0000020033e9e9b0 JavaThread "main" [_thread_in_native, id=19436, stack(0x0000002b75600000,0x0000002b75700000)]
  0x00000200568ab3b0 JavaThread "Reference Handler" daemon [_thread_blocked, id=14704, stack(0x0000002b75d00000,0x0000002b75e00000)]
  0x00000200568abc70 JavaThread "Finalizer" daemon [_thread_blocked, id=9416, stack(0x0000002b75e00000,0x0000002b75f00000)]
  0x00000200568c16b0 JavaThread "Signal Dispatcher" daemon [_thread_blocked, id=19440, stack(0x0000002b75f00000,0x0000002b76000000)]
  0x00000200568c1f70 JavaThread "Attach Listener" daemon [_thread_blocked, id=15444, stack(0x0000002b76000000,0x0000002b76100000)]
  0x00000200568c4840 JavaThread "Service Thread" daemon [_thread_blocked, id=11320, stack(0x0000002b76100000,0x0000002b76200000)]
  0x00000200568cd110 JavaThread "Monitor Deflation Thread" daemon [_thread_blocked, id=18440, stack(0x0000002b76200000,0x0000002b76300000)]
  0x00000200568d1a20 JavaThread "C2 CompilerThread0" daemon [_thread_blocked, id=21412, stack(0x0000002b76300000,0x0000002b76400000)]
  0x00000200568d3200 JavaThread "C1 CompilerThread0" daemon [_thread_blocked, id=14788, stack(0x0000002b76400000,0x0000002b76500000)]
  0x00000200568d3f10 JavaThread "Sweeper thread" daemon [_thread_blocked, id=19852, stack(0x0000002b76500000,0x0000002b76600000)]
  0x000002005750bd20 JavaThread "Notification Thread" daemon [_thread_blocked, id=23440, stack(0x0000002b76600000,0x0000002b76700000)]
  0x0000020057510fd0 JavaThread "Common-Cleaner" daemon [_thread_blocked, id=16612, stack(0x0000002b76800000,0x0000002b76900000)]

Other Threads:
  0x00000200568a4af0 VMThread "VM Thread" [stack: 0x0000002b75c00000,0x0000002b75d00000] [id=10460]
  0x0000020033f0d990 WatcherThread [stack: 0x0000002b76700000,0x0000002b76800000] [id=18928]
  0x0000020033eec7f0 GCTaskThread "GC Thread#0" [stack: 0x0000002b75700000,0x0000002b75800000] [id=4424]
  0x0000020033efeff0 ConcurrentGCThread "G1 Main Marker" [stack: 0x0000002b75800000,0x0000002b75900000] [id=17984]
  0x0000020033f000b0 ConcurrentGCThread "G1 Conc#0" [stack: 0x0000002b75900000,0x0000002b75a00000] [id=15412]
  0x00000200567620c0 ConcurrentGCThread "G1 Refine#0" [stack: 0x0000002b75a00000,0x0000002b75b00000] [id=9348]
  0x00000200567628f0 ConcurrentGCThread "G1 Service" [stack: 0x0000002b75b00000,0x0000002b75c00000] [id=14540]

Threads with active compile tasks:

VM state: not at safepoint (normal execution)

VM Mutex/Monitor currently owned by a thread: None

Heap address: 0x0000000706600000, size: 3994 MB, Compressed Oops mode: Zero based, Oop shift amount: 3

CDS archive(s) mapped at: [0x0000000800000000-0x0000000800bc0000-0x0000000800bc0000), size 12320768, SharedBaseAddress: 0x0000000800000000, ArchiveRelocationMode: 0.
Compressed class space mapped at: 0x0000000800c00000-0x0000000840c00000, reserved size: 1073741824
Narrow klass base: 0x0000000800000000, Narrow klass shift: 0, Narrow klass range: 0x100000000

GC Precious Log:
 CPUs: 8 total, 8 available
 Memory: 15969M
 Large Page Support: Disabled
 NUMA Support: Disabled
 Compressed Oops: Enabled (Zero based)
 Heap Region Size: 2M
 Heap Min Capacity: 8M
 Heap Initial Capacity: 250M
 Heap Max Capacity: 3994M
 Pre-touch: Disabled
 Parallel Workers: 8
 Concurrent Workers: 2
 Concurrent Refinement Workers: 8
 Periodic GC: Disabled

Heap:
 garbage-first heap   total 256000K, used 2048K [0x0000000706600000, 0x0000000800000000)
  region size 2048K, 2 young (4096K), 0 survivors (0K)
 Metaspace       used 1379K, committed 1536K, reserved 1056768K
  class space    used 116K, committed 192K, reserved 1048576K

Heap Regions: E=young(eden), S=young(survivor), O=old, HS=humongous(starts), HC=humongous(continues), CS=collection set, F=free, OA=open archive, CA=closed archive, TAMS=top-at-mark-start (previous, next)
|   0|0x0000000706600000, 0x0000000706600000, 0x0000000706800000|  0%| F|  |TAMS 0x0000000706600000, 0x0000000706600000| Untracked 
|   1|0x0000000706800000, 0x0000000706800000, 0x0000000706a00000|  0%| F|  |TAMS 0x0000000706800000, 0x0000000706800000| Untracked 
|   2|0x0000000706a00000, 0x0000000706a00000, 0x0000000706c00000|  0%| F|  |TAMS 0x0000000706a00000, 0x0000000706a00000| Untracked 
|   3|0x0000000706c00000, 0x0000000706c00000, 0x0000000706e00000|  0%| F|  |TAMS 0x0000000706c00000, 0x0000000706c00000| Untracked 
|   4|0x0000000706e00000, 0x0000000706e00000, 0x0000000707000000|  0%| F|  |TAMS 0x0000000706e00000, 0x0000000706e00000| Untracked 
|   5|0x0000000707000000, 0x0000000707000000, 0x0000000707200000|  0%| F|  |TAMS 0x0000000707000000, 0x0000000707000000| Untracked 
|   6|0x0000000707200000, 0x0000000707200000, 0x0000000707400000|  0%| F|  |TAMS 0x0000000707200000, 0x0000000707200000| Untracked 
|   7|0x0000000707400000, 0x0000000707400000, 0x0000000707600000|  0%| F|  |TAMS 0x0000000707400000, 0x0000000707400000| Untracked 
|   8|0x0000000707600000, 0x0000000707600000, 0x0000000707800000|  0%| F|  |TAMS 0x0000000707600000, 0x0000000707600000| Untracked 
|   9|0x0000000707800000, 0x0000000707800000, 0x0000000707a00000|  0%| F|  |TAMS 0x0000000707800000, 0x0000000707800000| Untracked 
|  10|0x0000000707a00000, 0x0000000707a00000, 0x0000000707c00000|  0%| F|  |TAMS 0x0000000707a00000, 0x0000000707a00000| Untracked 
|  11|0x0000000707c00000, 0x0000000707c00000, 0x0000000707e00000|  0%| F|  |TAMS 0x0000000707c00000, 0x0000000707c00000| Untracked 
|  12|0x0000000707e00000, 0x0000000707e00000, 0x0000000708000000|  0%| F|  |TAMS 0x0000000707e00000, 0x0000000707e00000| Untracked 
|  13|0x0000000708000000, 0x0000000708000000, 0x0000000708200000|  0%| F|  |TAMS 0x0000000708000000, 0x0000000708000000| Untracked 
|  14|0x0000000708200000, 0x0000000708200000, 0x0000000708400000|  0%| F|  |TAMS 0x0000000708200000, 0x0000000708200000| Untracked 
|  15|0x0000000708400000, 0x0000000708400000, 0x0000000708600000|  0%| F|  |TAMS 0x0000000708400000, 0x0000000708400000| Untracked 
|  16|0x0000000708600000, 0x0000000708600000, 0x0000000708800000|  0%| F|  |TAMS 0x0000000708600000, 0x0000000708600000| Untracked 
|  17|0x0000000708800000, 0x0000000708800000, 0x0000000708a00000|  0%| F|  |TAMS 0x0000000708800000, 0x0000000708800000| Untracked 
|  18|0x0000000708a00000, 0x0000000708a00000, 0x0000000708c00000|  0%| F|  |TAMS 0x0000000708a00000, 0x0000000708a00000| Untracked 
|  19|0x0000000708c00000, 0x0000000708c00000, 0x0000000708e00000|  0%| F|  |TAMS 0x0000000708c00000, 0x0000000708c00000| Untracked 
|  20|0x0000000708e00000, 0x0000000708e00000, 0x0000000709000000|  0%| F|  |TAMS 0x0000000708e00000, 0x0000000708e00000| Untracked 
|  21|0x0000000709000000, 0x0000000709000000, 0x0000000709200000|  0%| F|  |TAMS 0x0000000709000000, 0x0000000709000000| Untracked 
|  22|0x0000000709200000, 0x0000000709200000, 0x0000000709400000|  0%| F|  |TAMS 0x0000000709200000, 0x0000000709200000| Untracked 
|  23|0x0000000709400000, 0x0000000709400000, 0x0000000709600000|  0%| F|  |TAMS 0x0000000709400000, 0x0000000709400000| Untracked 
|  24|0x0000000709600000, 0x0000000709600000, 0x0000000709800000|  0%| F|  |TAMS 0x0000000709600000, 0x0000000709600000| Untracked 
|  25|0x0000000709800000, 0x0000000709800000, 0x0000000709a00000|  0%| F|  |TAMS 0x0000000709800000, 0x0000000709800000| Untracked 
|  26|0x0000000709a00000, 0x0000000709a00000, 0x0000000709c00000|  0%| F|  |TAMS 0x0000000709a00000, 0x0000000709a00000| Untracked 
|  27|0x0000000709c00000, 0x0000000709c00000, 0x0000000709e00000|  0%| F|  |TAMS 0x0000000709c00000, 0x0000000709c00000| Untracked 
|  28|0x0000000709e00000, 0x0000000709e00000, 0x000000070a000000|  0%| F|  |TAMS 0x0000000709e00000, 0x0000000709e00000| Untracked 
|  29|0x000000070a000000, 0x000000070a000000, 0x000000070a200000|  0%| F|  |TAMS 0x000000070a000000, 0x000000070a000000| Untracked 
|  30|0x000000070a200000, 0x000000070a200000, 0x000000070a400000|  0%| F|  |TAMS 0x000000070a200000, 0x000000070a200000| Untracked 
|  31|0x000000070a400000, 0x000000070a400000, 0x000000070a600000|  0%| F|  |TAMS 0x000000070a400000, 0x000000070a400000| Untracked 
|  32|0x000000070a600000, 0x000000070a600000, 0x000000070a800000|  0%| F|  |TAMS 0x000000070a600000, 0x000000070a600000| Untracked 
|  33|0x000000070a800000, 0x000000070a800000, 0x000000070aa00000|  0%| F|  |TAMS 0x000000070a800000, 0x000000070a800000| Untracked 
|  34|0x000000070aa00000, 0x000000070aa00000, 0x000000070ac00000|  0%| F|  |TAMS 0x000000070aa00000, 0x000000070aa00000| Untracked 
|  35|0x000000070ac00000, 0x000000070ac00000, 0x000000070ae00000|  0%| F|  |TAMS 0x000000070ac00000, 0x000000070ac00000| Untracked 
|  36|0x000000070ae00000, 0x000000070ae00000, 0x000000070b000000|  0%| F|  |TAMS 0x000000070ae00000, 0x000000070ae00000| Untracked 
|  37|0x000000070b000000, 0x000000070b000000, 0x000000070b200000|  0%| F|  |TAMS 0x000000070b000000, 0x000000070b000000| Untracked 
|  38|0x000000070b200000, 0x000000070b200000, 0x000000070b400000|  0%| F|  |TAMS 0x000000070b200000, 0x000000070b200000| Untracked 
|  39|0x000000070b400000, 0x000000070b400000, 0x000000070b600000|  0%| F|  |TAMS 0x000000070b400000, 0x000000070b400000| Untracked 
|  40|0x000000070b600000, 0x000000070b600000, 0x000000070b800000|  0%| F|  |TAMS 0x000000070b600000, 0x000000070b600000| Untracked 
|  41|0x000000070b800000, 0x000000070b800000, 0x000000070ba00000|  0%| F|  |TAMS 0x000000070b800000, 0x000000070b800000| Untracked 
|  42|0x000000070ba00000, 0x000000070ba00000, 0x000000070bc00000|  0%| F|  |TAMS 0x000000070ba00000, 0x000000070ba00000| Untracked 
|  43|0x000000070bc00000, 0x000000070bc00000, 0x000000070be00000|  0%| F|  |TAMS 0x000000070bc00000, 0x000000070bc00000| Untracked 
|  44|0x000000070be00000, 0x000000070be00000, 0x000000070c000000|  0%| F|  |TAMS 0x000000070be00000, 0x000000070be00000| Untracked 
|  45|0x000000070c000000, 0x000000070c000000, 0x000000070c200000|  0%| F|  |TAMS 0x000000070c000000, 0x000000070c000000| Untracked 
|  46|0x000000070c200000, 0x000000070c200000, 0x000000070c400000|  0%| F|  |TAMS 0x000000070c200000, 0x000000070c200000| Untracked 
|  47|0x000000070c400000, 0x000000070c400000, 0x000000070c600000|  0%| F|  |TAMS 0x000000070c400000, 0x000000070c400000| Untracked 
|  48|0x000000070c600000, 0x000000070c600000, 0x000000070c800000|  0%| F|  |TAMS 0x000000070c600000, 0x000000070c600000| Untracked 
|  49|0x000000070c800000, 0x000000070c800000, 0x000000070ca00000|  0%| F|  |TAMS 0x000000070c800000, 0x000000070c800000| Untracked 
|  50|0x000000070ca00000, 0x000000070ca00000, 0x000000070cc00000|  0%| F|  |TAMS 0x000000070ca00000, 0x000000070ca00000| Untracked 
|  51|0x000000070cc00000, 0x000000070cc00000, 0x000000070ce00000|  0%| F|  |TAMS 0x000000070cc00000, 0x000000070cc00000| Untracked 
|  52|0x000000070ce00000, 0x000000070ce00000, 0x000000070d000000|  0%| F|  |TAMS 0x000000070ce00000, 0x000000070ce00000| Untracked 
|  53|0x000000070d000000, 0x000000070d000000, 0x000000070d200000|  0%| F|  |TAMS 0x000000070d000000, 0x000000070d000000| Untracked 
|  54|0x000000070d200000, 0x000000070d200000, 0x000000070d400000|  0%| F|  |TAMS 0x000000070d200000, 0x000000070d200000| Untracked 
|  55|0x000000070d400000, 0x000000070d400000, 0x000000070d600000|  0%| F|  |TAMS 0x000000070d400000, 0x000000070d400000| Untracked 
|  56|0x000000070d600000, 0x000000070d600000, 0x000000070d800000|  0%| F|  |TAMS 0x000000070d600000, 0x000000070d600000| Untracked 
|  57|0x000000070d800000, 0x000000070d800000, 0x000000070da00000|  0%| F|  |TAMS 0x000000070d800000, 0x000000070d800000| Untracked 
|  58|0x000000070da00000, 0x000000070da00000, 0x000000070dc00000|  0%| F|  |TAMS 0x000000070da00000, 0x000000070da00000| Untracked 
|  59|0x000000070dc00000, 0x000000070dc00000, 0x000000070de00000|  0%| F|  |TAMS 0x000000070dc00000, 0x000000070dc00000| Untracked 
|  60|0x000000070de00000, 0x000000070de00000, 0x000000070e000000|  0%| F|  |TAMS 0x000000070de00000, 0x000000070de00000| Untracked 
|  61|0x000000070e000000, 0x000000070e000000, 0x000000070e200000|  0%| F|  |TAMS 0x000000070e000000, 0x000000070e000000| Untracked 
|  62|0x000000070e200000, 0x000000070e200000, 0x000000070e400000|  0%| F|  |TAMS 0x000000070e200000, 0x000000070e200000| Untracked 
|  63|0x000000070e400000, 0x000000070e400000, 0x000000070e600000|  0%| F|  |TAMS 0x000000070e400000, 0x000000070e400000| Untracked 
|  64|0x000000070e600000, 0x000000070e600000, 0x000000070e800000|  0%| F|  |TAMS 0x000000070e600000, 0x000000070e600000| Untracked 
|  65|0x000000070e800000, 0x000000070e800000, 0x000000070ea00000|  0%| F|  |TAMS 0x000000070e800000, 0x000000070e800000| Untracked 
|  66|0x000000070ea00000, 0x000000070ea00000, 0x000000070ec00000|  0%| F|  |TAMS 0x000000070ea00000, 0x000000070ea00000| Untracked 
|  67|0x000000070ec00000, 0x000000070ec00000, 0x000000070ee00000|  0%| F|  |TAMS 0x000000070ec00000, 0x000000070ec00000| Untracked 
|  68|0x000000070ee00000, 0x000000070ee00000, 0x000000070f000000|  0%| F|  |TAMS 0x000000070ee00000, 0x000000070ee00000| Untracked 
|  69|0x000000070f000000, 0x000000070f000000, 0x000000070f200000|  0%| F|  |TAMS 0x000000070f000000, 0x000000070f000000| Untracked 
|  70|0x000000070f200000, 0x000000070f200000, 0x000000070f400000|  0%| F|  |TAMS 0x000000070f200000, 0x000000070f200000| Untracked 
|  71|0x000000070f400000, 0x000000070f400000, 0x000000070f600000|  0%| F|  |TAMS 0x000000070f400000, 0x000000070f400000| Untracked 
|  72|0x000000070f600000, 0x000000070f600000, 0x000000070f800000|  0%| F|  |TAMS 0x000000070f600000, 0x000000070f600000| Untracked 
|  73|0x000000070f800000, 0x000000070f800000, 0x000000070fa00000|  0%| F|  |TAMS 0x000000070f800000, 0x000000070f800000| Untracked 
|  74|0x000000070fa00000, 0x000000070fa00000, 0x000000070fc00000|  0%| F|  |TAMS 0x000000070fa00000, 0x000000070fa00000| Untracked 
|  75|0x000000070fc00000, 0x000000070fc00000, 0x000000070fe00000|  0%| F|  |TAMS 0x000000070fc00000, 0x000000070fc00000| Untracked 
|  76|0x000000070fe00000, 0x000000070fe00000, 0x0000000710000000|  0%| F|  |TAMS 0x000000070fe00000, 0x000000070fe00000| Untracked 
|  77|0x0000000710000000, 0x0000000710000000, 0x0000000710200000|  0%| F|  |TAMS 0x0000000710000000, 0x0000000710000000| Untracked 
|  78|0x0000000710200000, 0x0000000710200000, 0x0000000710400000|  0%| F|  |TAMS 0x0000000710200000, 0x0000000710200000| Untracked 
|  79|0x0000000710400000, 0x0000000710400000, 0x0000000710600000|  0%| F|  |TAMS 0x0000000710400000, 0x0000000710400000| Untracked 
|  80|0x0000000710600000, 0x0000000710600000, 0x0000000710800000|  0%| F|  |TAMS 0x0000000710600000, 0x0000000710600000| Untracked 
|  81|0x0000000710800000, 0x0000000710800000, 0x0000000710a00000|  0%| F|  |TAMS 0x0000000710800000, 0x0000000710800000| Untracked 
|  82|0x0000000710a00000, 0x0000000710a00000, 0x0000000710c00000|  0%| F|  |TAMS 0x0000000710a00000, 0x0000000710a00000| Untracked 
|  83|0x0000000710c00000, 0x0000000710c00000, 0x0000000710e00000|  0%| F|  |TAMS 0x0000000710c00000, 0x0000000710c00000| Untracked 
|  84|0x0000000710e00000, 0x0000000710e00000, 0x0000000711000000|  0%| F|  |TAMS 0x0000000710e00000, 0x0000000710e00000| Untracked 
|  85|0x0000000711000000, 0x0000000711000000, 0x0000000711200000|  0%| F|  |TAMS 0x0000000711000000, 0x0000000711000000| Untracked 
|  86|0x0000000711200000, 0x0000000711200000, 0x0000000711400000|  0%| F|  |TAMS 0x0000000711200000, 0x0000000711200000| Untracked 
|  87|0x0000000711400000, 0x0000000711400000, 0x0000000711600000|  0%| F|  |TAMS 0x0000000711400000, 0x0000000711400000| Untracked 
|  88|0x0000000711600000, 0x0000000711600000, 0x0000000711800000|  0%| F|  |TAMS 0x0000000711600000, 0x0000000711600000| Untracked 
|  89|0x0000000711800000, 0x0000000711800000, 0x0000000711a00000|  0%| F|  |TAMS 0x0000000711800000, 0x0000000711800000| Untracked 
|  90|0x0000000711a00000, 0x0000000711a00000, 0x0000000711c00000|  0%| F|  |TAMS 0x0000000711a00000, 0x0000000711a00000| Untracked 
|  91|0x0000000711c00000, 0x0000000711c00000, 0x0000000711e00000|  0%| F|  |TAMS 0x0000000711c00000, 0x0000000711c00000| Untracked 
|  92|0x0000000711e00000, 0x0000000711e00000, 0x0000000712000000|  0%| F|  |TAMS 0x0000000711e00000, 0x0000000711e00000| Untracked 
|  93|0x0000000712000000, 0x0000000712000000, 0x0000000712200000|  0%| F|  |TAMS 0x0000000712000000, 0x0000000712000000| Untracked 
|  94|0x0000000712200000, 0x0000000712200000, 0x0000000712400000|  0%| F|  |TAMS 0x0000000712200000, 0x0000000712200000| Untracked 
|  95|0x0000000712400000, 0x0000000712400000, 0x0000000712600000|  0%| F|  |TAMS 0x0000000712400000, 0x0000000712400000| Untracked 
|  96|0x0000000712600000, 0x0000000712600000, 0x0000000712800000|  0%| F|  |TAMS 0x0000000712600000, 0x0000000712600000| Untracked 
|  97|0x0000000712800000, 0x0000000712800000, 0x0000000712a00000|  0%| F|  |TAMS 0x0000000712800000, 0x0000000712800000| Untracked 
|  98|0x0000000712a00000, 0x0000000712a00000, 0x0000000712c00000|  0%| F|  |TAMS 0x0000000712a00000, 0x0000000712a00000| Untracked 
|  99|0x0000000712c00000, 0x0000000712c00000, 0x0000000712e00000|  0%| F|  |TAMS 0x0000000712c00000, 0x0000000712c00000| Untracked 
| 100|0x0000000712e00000, 0x0000000712e00000, 0x0000000713000000|  0%| F|  |TAMS 0x0000000712e00000, 0x0000000712e00000| Untracked 
| 101|0x0000000713000000, 0x0000000713000000, 0x0000000713200000|  0%| F|  |TAMS 0x0000000713000000, 0x0000000713000000| Untracked 
| 102|0x0000000713200000, 0x0000000713200000, 0x0000000713400000|  0%| F|  |TAMS 0x0000000713200000, 0x0000000713200000| Untracked 
| 103|0x0000000713400000, 0x0000000713400000, 0x0000000713600000|  0%| F|  |TAMS 0x0000000713400000, 0x0000000713400000| Untracked 
| 104|0x0000000713600000, 0x0000000713600000, 0x0000000713800000|  0%| F|  |TAMS 0x0000000713600000, 0x0000000713600000| Untracked 
| 105|0x0000000713800000, 0x0000000713800000, 0x0000000713a00000|  0%| F|  |TAMS 0x0000000713800000, 0x0000000713800000| Untracked 
| 106|0x0000000713a00000, 0x0000000713a00000, 0x0000000713c00000|  0%| F|  |TAMS 0x0000000713a00000, 0x0000000713a00000| Untracked 
| 107|0x0000000713c00000, 0x0000000713c00000, 0x0000000713e00000|  0%| F|  |TAMS 0x0000000713c00000, 0x0000000713c00000| Untracked 
| 108|0x0000000713e00000, 0x0000000713e00000, 0x0000000714000000|  0%| F|  |TAMS 0x0000000713e00000, 0x0000000713e00000| Untracked 
| 109|0x0000000714000000, 0x0000000714000000, 0x0000000714200000|  0%| F|  |TAMS 0x0000000714000000, 0x0000000714000000| Untracked 
| 110|0x0000000714200000, 0x0000000714200000, 0x0000000714400000|  0%| F|  |TAMS 0x0000000714200000, 0x0000000714200000| Untracked 
| 111|0x0000000714400000, 0x0000000714400000, 0x0000000714600000|  0%| F|  |TAMS 0x0000000714400000, 0x0000000714400000| Untracked 
| 112|0x0000000714600000, 0x0000000714600000, 0x0000000714800000|  0%| F|  |TAMS 0x0000000714600000, 0x0000000714600000| Untracked 
| 113|0x0000000714800000, 0x0000000714800000, 0x0000000714a00000|  0%| F|  |TAMS 0x0000000714800000, 0x0000000714800000| Untracked 
| 114|0x0000000714a00000, 0x0000000714a00000, 0x0000000714c00000|  0%| F|  |TAMS 0x0000000714a00000, 0x0000000714a00000| Untracked 
| 115|0x0000000714c00000, 0x0000000714c00000, 0x0000000714e00000|  0%| F|  |TAMS 0x0000000714c00000, 0x0000000714c00000| Untracked 
| 116|0x0000000714e00000, 0x0000000714e00000, 0x0000000715000000|  0%| F|  |TAMS 0x0000000714e00000, 0x0000000714e00000| Untracked 
| 117|0x0000000715000000, 0x0000000715000000, 0x0000000715200000|  0%| F|  |TAMS 0x0000000715000000, 0x0000000715000000| Untracked 
| 118|0x0000000715200000, 0x0000000715200000, 0x0000000715400000|  0%| F|  |TAMS 0x0000000715200000, 0x0000000715200000| Untracked 
| 119|0x0000000715400000, 0x0000000715400000, 0x0000000715600000|  0%| F|  |TAMS 0x0000000715400000, 0x0000000715400000| Untracked 
| 120|0x0000000715600000, 0x0000000715600000, 0x0000000715800000|  0%| F|  |TAMS 0x0000000715600000, 0x0000000715600000| Untracked 
| 121|0x0000000715800000, 0x0000000715800000, 0x0000000715a00000|  0%| F|  |TAMS 0x0000000715800000, 0x0000000715800000| Untracked 
| 122|0x0000000715a00000, 0x0000000715a00000, 0x0000000715c00000|  0%| F|  |TAMS 0x0000000715a00000, 0x0000000715a00000| Untracked 
| 123|0x0000000715c00000, 0x0000000715dc7b68, 0x0000000715e00000| 89%| E|  |TAMS 0x0000000715c00000, 0x0000000715c00000| Complete 
| 124|0x0000000715e00000, 0x0000000716000000, 0x0000000716000000|100%| E|CS|TAMS 0x0000000715e00000, 0x0000000715e00000| Complete 

Card table byte_map: [0x000002004b200000,0x000002004b9d0000] _byte_map_base: 0x00000200479cd000

Marking Bits (Prev, Next): (CMBitMap*) 0x0000020033eedd20, (CMBitMap*) 0x0000020033eedd60
 Prev Bits: [0x000002004c1a0000, 0x0000020050008000)
 Next Bits: [0x0000020050010000, 0x0000020053e78000)

Polling page: 0x0000020031d50000

Metaspace:

Usage:
  Non-class:      1.23 MB used.
      Class:    116.68 KB used.
       Both:      1.35 MB used.

Virtual space:
  Non-class space:        8.00 MB reserved,       1.31 MB ( 16%) committed,  1 nodes.
      Class space:        1.00 GB reserved,     192.00 KB ( <1%) committed,  1 nodes.
             Both:        1.01 GB reserved,       1.50 MB ( <1%) committed. 

Chunk freelists:
   Non-Class:  3.53 MB
       Class:  3.70 MB
        Both:  7.23 MB

MaxMetaspaceSize: unlimited
CompressedClassSpaceSize: 1.00 GB
Initial GC threshold: 21.00 MB
Current GC threshold: 21.00 MB
CDS: on
MetaspaceReclaimPolicy: balanced
 - commit_granule_bytes: 65536.
 - commit_granule_words: 8192.
 - virtual_space_node_default_size: 1048576.
 - enlarge_chunks_in_place: 1.
 - new_chunks_are_fully_committed: 0.
 - uncommit_free_chunks: 1.
 - use_allocation_guard: 0.
 - handle_deallocations: 1.


Internal statistics:

num_allocs_failed_limit: 0.
num_arena_births: 12.
num_arena_deaths: 0.
num_vsnodes_births: 2.
num_vsnodes_deaths: 0.
num_space_committed: 24.
num_space_uncommitted: 0.
num_chunks_returned_to_freelist: 0.
num_chunks_taken_from_freelist: 38.
num_chunk_merges: 0.
num_chunk_splits: 23.
num_chunks_enlarged: 21.
num_purges: 0.
num_inconsistent_stats: 0.

CodeHeap 'non-profiled nmethods': size=120000Kb used=58Kb max_used=58Kb free=119941Kb
 bounds [0x00000200431d0000, 0x0000020043440000, 0x000002004a700000]
CodeHeap 'profiled nmethods': size=120000Kb used=282Kb max_used=282Kb free=119717Kb
 bounds [0x000002003bca0000, 0x000002003bf10000, 0x00000200431d0000]
CodeHeap 'non-nmethods': size=5760Kb used=1146Kb max_used=1160Kb free=4613Kb
 bounds [0x000002003b700000, 0x000002003b970000, 0x000002003bca0000]
 total_blobs=648 nmethods=231 adapters=330
 compilation: enabled
              stopped_count=0, restarted_count=0
 full_count=0

Compilation events (20 events):
Event: 0.211 Thread 0x00000200568d3200 nmethod 213 0x000002003bcdff90 code [0x000002003bce0140, 0x000002003bce02e8]
Event: 0.247 Thread 0x00000200568d3200  218       3       net.sf.javabdd.CUDDFactory$CUDDBDD::<init> (7 bytes)
Event: 0.247 Thread 0x00000200568d3200 nmethod 218 0x000002003bce0390 code [0x000002003bce0540, 0x000002003bce07d8]
Event: 0.248 Thread 0x00000200568d3200  219       1       net.sf.javabdd.BDDDomain::size (5 bytes)
Event: 0.248 Thread 0x00000200568d3200 nmethod 219 0x00000200431de190 code [0x00000200431de320, 0x00000200431de3f8]
Event: 0.249 Thread 0x00000200568d3200  220       3       java.lang.Character::digit (6 bytes)
Event: 0.249 Thread 0x00000200568d3200 nmethod 220 0x000002003bce0910 code [0x000002003bce0ac0, 0x000002003bce0d18]
Event: 0.249 Thread 0x00000200568d3200  221       3       java.lang.Character::digit (10 bytes)
Event: 0.249 Thread 0x00000200568d3200 nmethod 221 0x000002003bce0e10 code [0x000002003bce0fc0, 0x000002003bce11b8]
Event: 0.249 Thread 0x00000200568d3200  222       3       java.lang.CharacterDataLatin1::digit (32 bytes)
Event: 0.249 Thread 0x00000200568d3200 nmethod 222 0x000002003bce1290 code [0x000002003bce1440, 0x000002003bce1698]
Event: 0.249 Thread 0x00000200568d3200  223       3       net.sf.javabdd.BDDFactory::readNext (60 bytes)
Event: 0.257 Thread 0x00000200568d3200 nmethod 223 0x000002003bce1790 code [0x000002003bce19c0, 0x000002003bce2128]
Event: 0.257 Thread 0x00000200568d3200  225       3       java.lang.Character::charCount (12 bytes)
Event: 0.257 Thread 0x00000200568d3200 nmethod 225 0x000002003bce2410 code [0x000002003bce25a0, 0x000002003bce2718]
Event: 0.257 Thread 0x00000200568d3200  224       3       java.util.StringTokenizer::nextToken (92 bytes)
Event: 0.258 Thread 0x00000200568d3200 nmethod 224 0x000002003bce2790 code [0x000002003bce2960, 0x000002003bce2c98]
Event: 0.258 Thread 0x00000200568d3200  226       3       net.sf.javabdd.CUDDFactory::access$36 (14 bytes)
Event: 0.258 Thread 0x00000200568d3200 nmethod 226 0x000002003bce2e10 code [0x000002003bce2fa0, 0x000002003bce30a8]
Event: 0.258 Thread 0x00000200568d3200  228       3       java.lang.Long::parseLong (272 bytes)

GC Heap History (0 events):
No events

Deoptimization events (0 events):
No events

Classes unloaded (0 events):
No events

Classes redefined (0 events):
No events

Internal exceptions (1 events):
Event: 0.178 Thread 0x0000020033e9e9b0 Exception <a 'java/lang/NoSuchMethodError'{0x0000000715d08338}: 'java.lang.Object java.lang.invoke.DirectMethodHandle$Holder.invokeStaticInit(java.lang.Object)'> (0x0000000715d08338) 
thrown [t:\workspace\open\src\hotspot\share\interpreter\linkResolver.cpp, line 766]

VM Operations (4 events):
Event: 0.065 Executing VM operation: HandshakeAllThreads
Event: 0.065 Executing VM operation: HandshakeAllThreads done
Event: 0.153 Executing VM operation: HandshakeAllThreads
Event: 0.153 Executing VM operation: HandshakeAllThreads done

Events (20 events):
Event: 0.189 loading class java/io/ObjectStreamClass$FieldReflector
Event: 0.189 loading class java/io/ObjectStreamClass$FieldReflector done
Event: 0.189 loading class java/io/ObjectStreamClass$ClassDataSlot
Event: 0.189 loading class java/io/ObjectStreamClass$ClassDataSlot done
Event: 0.189 loading class java/io/ObjectInputStream$FieldValues
Event: 0.189 loading class java/io/ObjectInputStream$GetField
Event: 0.189 loading class java/io/ObjectInputStream$GetField done
Event: 0.189 loading class java/io/ObjectInputStream$FieldValues done
Event: 0.189 loading class java/io/SerialCallbackContext
Event: 0.189 loading class java/io/SerialCallbackContext done
Event: 0.190 loading class java/io/ObjectStreamClass$ExceptionInfo
Event: 0.190 loading class java/io/ObjectStreamClass$ExceptionInfo done
Event: 0.193 loading class java/lang/AssertionError
Event: 0.193 loading class java/lang/AssertionError done
Event: 0.193 loading class java/lang/ArrayIndexOutOfBoundsException
Event: 0.193 loading class java/lang/ArrayIndexOutOfBoundsException done
Event: 0.199 loading class java/io/BufferedReader
Event: 0.199 loading class java/io/BufferedReader done
Event: 0.199 loading class sun/nio/cs/StreamDecoder
Event: 0.200 loading class sun/nio/cs/StreamDecoder done


Dynamic libraries:
0x00007ff650e80000 - 0x00007ff650e90000 	C:\Program Files\Java\jdk-17.0.2\bin\javaw.exe
0x00007ffbd8e10000 - 0x00007ffbd9008000 	C:\WINDOWS\SYSTEM32\ntdll.dll
0x00007ffbd6e70000 - 0x00007ffbd6f2d000 	C:\WINDOWS\System32\KERNEL32.DLL
0x00007ffbd69f0000 - 0x00007ffbd6cbe000 	C:\WINDOWS\System32\KERNELBASE.dll
0x00007ffbd6700000 - 0x00007ffbd6800000 	C:\WINDOWS\System32\ucrtbase.dll
0x00007ffbc5bd0000 - 0x00007ffbc5bea000 	C:\Program Files\Java\jdk-17.0.2\bin\VCRUNTIME140.dll
0x00007ffba4bc0000 - 0x00007ffba4bd8000 	C:\Program Files\Java\jdk-17.0.2\bin\jli.dll
0x00007ffbd7260000 - 0x00007ffbd730e000 	C:\WINDOWS\System32\ADVAPI32.dll
0x00007ffbd85e0000 - 0x00007ffbd867e000 	C:\WINDOWS\System32\msvcrt.dll
0x00007ffbd73e0000 - 0x00007ffbd747c000 	C:\WINDOWS\System32\sechost.dll
0x00007ffbd7920000 - 0x00007ffbd7a45000 	C:\WINDOWS\System32\RPCRT4.dll
0x00007ffbd7b80000 - 0x00007ffbd7d20000 	C:\WINDOWS\System32\USER32.dll
0x00007ffbd6cc0000 - 0x00007ffbd6ce2000 	C:\WINDOWS\System32\win32u.dll
0x00007ffbc97b0000 - 0x00007ffbc9a4a000 	C:\WINDOWS\WinSxS\amd64_microsoft.windows.common-controls_6595b64144ccf1df_6.0.19041.1110_none_60b5254171f9507e\COMCTL32.dll
0x00007ffbd6f90000 - 0x00007ffbd6fba000 	C:\WINDOWS\System32\GDI32.dll
0x00007ffbd68e0000 - 0x00007ffbd69eb000 	C:\WINDOWS\System32\gdi32full.dll
0x00007ffbd6d80000 - 0x00007ffbd6e1d000 	C:\WINDOWS\System32\msvcp_win.dll
0x00007ffbcbbb0000 - 0x00007ffbcbbba000 	C:\WINDOWS\SYSTEM32\VERSION.dll
0x00007ffbd7d20000 - 0x00007ffbd7d50000 	C:\WINDOWS\System32\IMM32.DLL
0x00007ffbc60e0000 - 0x00007ffbc60ec000 	C:\Program Files\Java\jdk-17.0.2\bin\vcruntime140_1.dll
0x00007ffba1f30000 - 0x00007ffba1fbd000 	C:\Program Files\Java\jdk-17.0.2\bin\msvcp140.dll
0x00007ffb3eac0000 - 0x00007ffb3f681000 	C:\Program Files\Java\jdk-17.0.2\bin\server\jvm.dll
0x00007ffbd7480000 - 0x00007ffbd7488000 	C:\WINDOWS\System32\PSAPI.DLL
0x00007ffbc6010000 - 0x00007ffbc6037000 	C:\WINDOWS\SYSTEM32\WINMM.dll
0x00007ffbcde80000 - 0x00007ffbcde89000 	C:\WINDOWS\SYSTEM32\WSOCK32.dll
0x00007ffbd8d00000 - 0x00007ffbd8d6b000 	C:\WINDOWS\System32\WS2_32.dll
0x00007ffbd43d0000 - 0x00007ffbd43e2000 	C:\WINDOWS\SYSTEM32\kernel.appcore.dll
0x00007ffbaabe0000 - 0x00007ffbaabea000 	C:\Program Files\Java\jdk-17.0.2\bin\jimage.dll
0x00007ffbd3cb0000 - 0x00007ffbd3e94000 	C:\WINDOWS\SYSTEM32\DBGHELP.DLL
0x00007ffbc5da0000 - 0x00007ffbc5dcc000 	C:\WINDOWS\SYSTEM32\dbgcore.DLL
0x00007ffbd6cf0000 - 0x00007ffbd6d72000 	C:\WINDOWS\System32\bcryptPrimitives.dll
0x00007ffba2040000 - 0x00007ffba2065000 	C:\Program Files\Java\jdk-17.0.2\bin\java.dll
0x00007ffba0a50000 - 0x00007ffba0b26000 	C:\Program Files\Java\jdk-17.0.2\bin\jsvml.dll
0x00007ffbd7db0000 - 0x00007ffbd84f4000 	C:\WINDOWS\System32\SHELL32.dll
0x00007ffbd45f0000 - 0x00007ffbd4d84000 	C:\WINDOWS\SYSTEM32\windows.storage.dll
0x00007ffbd7490000 - 0x00007ffbd77e4000 	C:\WINDOWS\System32\combase.dll
0x00007ffbd5f90000 - 0x00007ffbd5fc0000 	C:\WINDOWS\SYSTEM32\Wldp.dll
0x00007ffbd7310000 - 0x00007ffbd73bd000 	C:\WINDOWS\System32\SHCORE.dll
0x00007ffbd6f30000 - 0x00007ffbd6f85000 	C:\WINDOWS\System32\shlwapi.dll
0x00007ffbd6470000 - 0x00007ffbd648f000 	C:\WINDOWS\SYSTEM32\profapi.dll
0x00007ffba1f10000 - 0x00007ffba1f29000 	C:\Program Files\Java\jdk-17.0.2\bin\net.dll
0x00007ffbcded0000 - 0x00007ffbcdfda000 	C:\WINDOWS\SYSTEM32\WINHTTP.dll
0x00007ffbd5cb0000 - 0x00007ffbd5d1a000 	C:\WINDOWS\system32\mswsock.dll
0x00007ffba1ef0000 - 0x00007ffba1f06000 	C:\Program Files\Java\jdk-17.0.2\bin\nio.dll
0x00007ffba1e80000 - 0x00007ffba1e98000 	C:\Program Files\Java\jdk-17.0.2\bin\zip.dll
0x00007ffb96bd0000 - 0x00007ffb96c16000 	C:\Program Files\Java\jdk-17.0.2\bin\cudd.dll

dbghelp: loaded successfully - version: 4.0.5 - missing functions: none
symbol engine: initialized successfully - sym options: 0x614 - pdb path: .;C:\Program Files\Java\jdk-17.0.2\bin;C:\WINDOWS\SYSTEM32;C:\WINDOWS\WinSxS\amd64_microsoft.windows.common-controls_6595b64144ccf1df_6.0.19041.1110_none_60b5254171f9507e;C:\Program Files\Java\jdk-17.0.2\bin\server

VM Arguments:
jvm_args: -Dfile.encoding=Cp1252 -XX:+ShowCodeDetailsInExceptionMessages 
java_command: jitinteractor.JitControllerInteractor
java_class_path (initial): C:\Users\titus\eclipse-workspace\SpecDegradeLAS\bin;C:\Users\titus\eclipse-workspace\SpecDegradeLAS\executor.jar;C:\Program Files\eclipse\plugins\org.junit_4.13.0.v20200204-1500.jar;C:\Program Files\eclipse\plugins\org.hamcrest.core_1.3.0.v20180420-1519.jar;C:\Users\titus\eclipse-workspace\SpecDegradeLAS\lib\hamcrest-all-1.3.jar;C:\Users\titus\eclipse-workspace\SpecDegradeLAS\lib\jmock-2.8.3.jar;C:\Users\titus\eclipse-workspace\SpecDegradeLAS\lib\jmock-junit4-2.8.3.jar;C:\Users\titus\eclipse-workspace\SpecDegradeLAS\lib\junit-4.12.jar;C:\Users\titus\eclipse-workspace\SpecDegradeLAS\ctd.jar
Launcher Type: SUN_STANDARD

[Global flags]
     intx CICompilerCount                          = 4                                         {product} {ergonomic}
     uint ConcGCThreads                            = 2                                         {product} {ergonomic}
     uint G1ConcRefinementThreads                  = 8                                         {product} {ergonomic}
   size_t G1HeapRegionSize                         = 2097152                                   {product} {ergonomic}
    uintx GCDrainStackTargetSize                   = 64                                        {product} {ergonomic}
   size_t InitialHeapSize                          = 262144000                                 {product} {ergonomic}
   size_t MarkStackSize                            = 4194304                                   {product} {ergonomic}
   size_t MaxHeapSize                              = 4188012544                                {product} {ergonomic}
   size_t MaxNewSize                               = 2512388096                                {product} {ergonomic}
   size_t MinHeapDeltaBytes                        = 2097152                                   {product} {ergonomic}
   size_t MinHeapSize                              = 8388608                                   {product} {ergonomic}
    uintx NonNMethodCodeHeapSize                   = 5839372                                {pd product} {ergonomic}
    uintx NonProfiledCodeHeapSize                  = 122909434                              {pd product} {ergonomic}
    uintx ProfiledCodeHeapSize                     = 122909434                              {pd product} {ergonomic}
    uintx ReservedCodeCacheSize                    = 251658240                              {pd product} {ergonomic}
     bool SegmentedCodeCache                       = true                                      {product} {ergonomic}
     bool ShowCodeDetailsInExceptionMessages       = true                                   {manageable} {command line}
   size_t SoftMaxHeapSize                          = 4188012544                             {manageable} {ergonomic}
     bool UseCompressedClassPointers               = true                           {product lp64_product} {ergonomic}
     bool UseCompressedOops                        = true                           {product lp64_product} {ergonomic}
     bool UseG1GC                                  = true                                      {product} {ergonomic}
     bool UseLargePagesIndividualAllocation        = false                                  {pd product} {ergonomic}

Logging:
Log output configuration:
 #0: stdout all=warning uptime,level,tags
 #1: stderr all=off uptime,level,tags

Environment Variables:
JAVA_HOME=C:\Program Files\Java\jdk-17.0.2
PATH=C:\Program Files\NVIDIA GPU Computing Toolkit\CUDA\v11.6\bin;C:\Program Files\NVIDIA GPU Computing Toolkit\CUDA\v11.6\libnvvp;C:\Program Files\Common Files\Oracle\Java\javapath;C:\WINDOWS\system32;C:\WINDOWS;C:\WINDOWS\System32\Wbem;C:\WINDOWS\System32\WindowsPowerShell\v1.0\;C:\WINDOWS\System32\OpenSSH\;C:\Program Files\PuTTY\;C:\Program Files\Git\cmd;C:\Program Files\NVIDIA Corporation\Nsight Compute 2022.1.1\;C:\Program Files (x86)\NVIDIA Corporation\PhysX\Common;C:\Program Files\NVIDIA Corporation\NVIDIA NvDLISR;C:\Users\titus\AppData\Local\Microsoft\WindowsApps;C:\Users\titus\AppData\Local\GitHubDesktop\bin;C:\Program Files\JetBrains\IntelliJ IDEA Community Edition 2021.3.1\bin;C:\Program Files\Java\jdk-17.0.2;C:\Program Files\Maven\apache-maven-3.8.4\bin;C:\Users\titus\miniconda3\Scripts;C:\Users\titus\miniconda3\Library\bin;C:\Users\titus\miniconda3;C:\Users\titus\AppData\Local\Programs\Microsoft VS Code\bin;C:\Program Files (x86)\Spectra";C:\Users\titus\AppData\Local\Microsoft\WindowsApps;C:\Users\titus\AppData\Local\GitHubDesktop\bin;C:\Program Files\JetBrains\IntelliJ IDEA Community Edition 2021.3.1\bin;;C:\Program Files\Java\jdk-17.0.2;C:\Program Files\Maven\apache-maven-3.8.4\bin;C:\Users\titus\miniconda3\Scripts;C:\Users\titus\miniconda3\Library\bin;C:\Users\titus\miniconda3;;C:\Users\titus\AppData\Local\Programs\Microsoft VS Code\bin
USERNAME=titus
OS=Windows_NT
PROCESSOR_IDENTIFIER=Intel64 Family 6 Model 126 Stepping 5, GenuineIntel



---------------  S Y S T E M  ---------------

OS:
 Windows 10 , 64 bit Build 19041 (10.0.19041.1889)
OS uptime: 4 days 0:30 hours
Hyper-V role detected

CPU: total 8 (initial active 8) (4 cores per cpu, 2 threads per core) family 6 model 126 stepping 5 microcode 0xa8, cx8, cmov, fxsr, ht, mmx, 3dnowpref, sse, sse2, sse3, ssse3, sse4.1, sse4.2, popcnt, lzcnt, tsc, tscinvbit, avx, avx2, aes, erms, clmul, bmi1, bmi2, adx, avx512f, avx512dq, avx512cd, avx512bw, avx512vl, sha, fma, vzeroupper, avx512_vpopcntdq, avx512_vpclmulqdq, avx512_vaes, avx512_vnni, clflush, clflushopt, avx512_vbmi2, avx512_vbmi, hv

Memory: 4k page, system-wide physical 15969M (3184M free)
TotalPageFile size 28769M (AvailPageFile size 4644M)
current process WorkingSet (physical memory assigned to process): 36M, peak: 164M
current process commit charge ("private bytes"): 589M, peak: 717M

vm_info: Java HotSpot(TM) 64-Bit Server VM (17.0.2+8-LTS-86) for windows-amd64 JRE (17.0.2+8-LTS-86), built on Dec  7 2021 21:51:03 by "mach5one" with MS VC++ 16.8 / 16.9 (VS2019)

END.
